0 info it worked if it ends with ok
1 verbose cli [ '/usr/local/bin/node', '/usr/local/bin/npm', 'run', 'deploy' ]
2 info using npm@3.3.12
3 info using node@v4.1.1
4 verbose run-script [ 'predeploy', 'deploy', 'postdeploy' ]
5 info lifecycle 60plus@0.1.0~predeploy: 60plus@0.1.0
6 silly lifecycle 60plus@0.1.0~predeploy: no script for predeploy, continuing
7 info lifecycle 60plus@0.1.0~deploy: 60plus@0.1.0
8 verbose lifecycle 60plus@0.1.0~deploy: unsafe-perm in lifecycle true
9 verbose lifecycle 60plus@0.1.0~deploy: PATH: /usr/local/lib/node_modules/npm/bin/node-gyp-bin:/Users/janjorissen/Dropbox/Projects/60plus/node_modules/.bin:/usr/local/bin:/usr/bin:/bin:/usr/sbin:/sbin
10 verbose lifecycle 60plus@0.1.0~deploy: CWD: /Users/janjorissen/Dropbox/Projects/60plus
11 silly lifecycle 60plus@0.1.0~deploy: Args: [ '-c',
11 silly lifecycle   'npm run build && git add . && git commit -m \'release build\' && git push heroku master' ]
12 silly lifecycle 60plus@0.1.0~deploy: Returned: code: 1  signal: null
13 info lifecycle 60plus@0.1.0~deploy: Failed to exec deploy script
14 verbose stack Error: 60plus@0.1.0 deploy: `npm run build && git add . && git commit -m 'release build' && git push heroku master`
14 verbose stack Exit status 1
14 verbose stack     at EventEmitter.<anonymous> (/usr/local/lib/node_modules/npm/lib/utils/lifecycle.js:232:16)
14 verbose stack     at emitTwo (events.js:87:13)
14 verbose stack     at EventEmitter.emit (events.js:172:7)
14 verbose stack     at ChildProcess.<anonymous> (/usr/local/lib/node_modules/npm/lib/utils/spawn.js:24:14)
14 verbose stack     at emitTwo (events.js:87:13)
14 verbose stack     at ChildProcess.emit (events.js:172:7)
14 verbose stack     at maybeClose (internal/child_process.js:817:16)
14 verbose stack     at Process.ChildProcess._handle.onexit (internal/child_process.js:211:5)
15 verbose pkgid 60plus@0.1.0
16 verbose cwd /Users/janjorissen/Dropbox/Projects/60plus
17 error Darwin 14.5.0
18 error argv "/usr/local/bin/node" "/usr/local/bin/npm" "run" "deploy"
19 error node v4.1.1
20 error npm  v3.3.12
21 error code ELIFECYCLE
22 error 60plus@0.1.0 deploy: `npm run build && git add . && git commit -m 'release build' && git push heroku master`
22 error Exit status 1
23 error Failed at the 60plus@0.1.0 deploy script 'npm run build && git add . && git commit -m 'release build' && git push heroku master'.
23 error Make sure you have the latest version of node.js and npm installed.
23 error If you do, this is most likely a problem with the 60plus package,
23 error not with npm itself.
23 error Tell the author that this fails on your system:
23 error     npm run build && git add . && git commit -m 'release build' && git push heroku master
23 error You can get their info via:
23 error     npm owner ls 60plus
23 error There is likely additional logging output above.
24 verbose exit [ 1, true ]
